2021-01-21 21:44:57.630  INFO 30796 --- [main] lavalink.server.Launcher                 : 

[32m       .  [31m _                  _ _       _    [32m__ _ _
[32m      /\\ [31m| | __ ___   ____ _| (_)_ __ | | __[32m\ \ \ \
[32m     ( ( )[31m| |/ _` \ \ / / _` | | | '_ \| |/ /[32m \ \ \ \
[32m      \\/ [31m| | (_| |\ V / (_| | | | | | |   < [32m  ) ) ) )
[32m       '  [31m|_|\__,_| \_/ \__,_|_|_|_| |_|_|\_\[32m / / / /
[0m    =========================================[32m/_/_/_/[0m

	Version:        3.3.2.3
	Build:          1176
	Build time:     28.12.2020 18:59:16 UTC
	Branch          master
	Commit:         68d398a
	Commit time:    28.12.2020 18:56:23 UTC
	JVM:            14.0.1
	Lavaplayer      1.3.65

2021-01-21 21:44:58.039  INFO 30796 --- [main] lavalink.server.Launcher                 : Starting Launcher on DESKTOP-UV4L8VT with PID 30796 (C:\Users\Arthur\Desktop\CODES\MMikasaBot\Lavalink.jar started by Arthur in C:\Users\Arthur\Desktop\CODES\MMikasaBot)
2021-01-21 21:44:58.041  INFO 30796 --- [main] lavalink.server.Launcher                 : No active profile set, falling back to default profiles: default
2021-01-21 21:44:58.179  WARN 30796 --- [background-preinit] o.s.h.c.j.Jackson2ObjectMapperBuilder    : For Jackson Kotlin classes support please add "com.fasterxml.jackson.module:jackson-module-kotlin" to the classpath
2021-01-21 21:44:59.614  WARN 30796 --- [main] io.undertow.websockets.jsr               : UT026010: Buffer pool was not set on WebSocketDeploymentInfo, the default pool will be used
2021-01-21 21:44:59.651  INFO 30796 --- [main] io.undertow.servlet                      : Initializing Spring embedded WebApplicationContext
2021-01-21 21:44:59.652  INFO 30796 --- [main] o.s.web.context.ContextLoader            : Root WebApplicationContext: initialization completed in 1501 ms
2021-01-21 21:45:00.316  WARN 30796 --- [main] l.server.config.SentryConfiguration      : Turning off sentry
2021-01-21 21:45:01.170  INFO 30796 --- [main] c.s.d.l.tools.GarbageCollectionMonitor   : GC monitoring enabled, reporting results every 2 minutes.
2021-01-21 21:45:01.480  INFO 30796 --- [main] lavalink.server.config.KoeConfiguration  : OS: Windows 10, Arch: amd64
2021-01-21 21:45:01.480  WARN 30796 --- [main] lavalink.server.config.KoeConfiguration  : This system and architecture appears to not support native audio sending! GC pauses may cause your bot to stutter during playback.
2021-01-21 21:45:01.769  INFO 30796 --- [main] o.s.s.concurrent.ThreadPoolTaskExecutor  : Initializing ExecutorService 'applicationTaskExecutor'
2021-01-21 21:45:02.179  INFO 30796 --- [main] org.xnio                                 : XNIO version 3.3.8.Final
2021-01-21 21:45:02.195  INFO 30796 --- [main] org.xnio.nio                             : XNIO NIO Implementation Version 3.3.8.Final
2021-01-21 21:45:02.260  INFO 30796 --- [main] o.s.b.w.e.u.UndertowServletWebServer     : Undertow started on port(s) 2333 (http) with context path ''
2021-01-21 21:45:02.265  INFO 30796 --- [main] lavalink.server.Launcher                 : Started Launcher in 5.617 seconds (JVM running for 7.364)
2021-01-21 21:45:02.266  INFO 30796 --- [main] lavalink.server.Launcher                 : You can safely ignore the big red warning about illegal reflection. See https://github.com/Frederikam/Lavalink/issues/295
2021-01-21 21:46:07.136  INFO 30796 --- [XNIO-1 task-1] io.undertow.servlet                      : Initializing Spring DispatcherServlet 'dispatcherServlet'
2021-01-21 21:46:07.136  INFO 30796 --- [XNIO-1 task-1] o.s.web.servlet.DispatcherServlet        : Initializing Servlet 'dispatcherServlet'
2021-01-21 21:46:07.142  INFO 30796 --- [XNIO-1 task-1] o.s.web.servlet.DispatcherServlet        : Completed initialization in 5 ms
2021-01-21 21:46:07.174 ERROR 30796 --- [XNIO-1 task-1] l.server.io.HandshakeInterceptorImpl     : Authentication failed from /127.0.0.1:54918
2021-01-21 21:46:34.943  INFO 30796 --- [XNIO-1 task-2] l.server.io.HandshakeInterceptorImpl     : Incoming connection from /127.0.0.1:54927
2021-01-21 21:46:35.078  INFO 30796 --- [XNIO-1 task-2] lavalink.server.io.SocketServer          : Connection successfully established from /127.0.0.1:54927
2021-01-21 21:46:45.707  INFO 30796 --- [XNIO-1 I/O-3] lavalink.server.io.SocketServer          : {"op": "volume", "guildId": "790675423616696360", "volume": 40}
2021-01-21 21:46:45.745  INFO 30796 --- [XNIO-1 task-3] l.server.player.AudioLoaderRestHandler   : Got request to load for identifier "ytsearch:ytsearch:af1"
2021-01-21 21:46:45.862  INFO 30796 --- [XNIO-1 I/O-3] lavalink.server.io.SocketServer          : {"op": "voiceUpdate", "guildId": "790675423616696360", "sessionId": "285b86c6f78aa6977b7f30ee0c13f1c9", "event": {"token": "8ea86afb241872b8", "guild_id": "790675423616696360", "endpoint": "us-east3435.discord.media:443"}}
2021-01-21 21:46:47.672  INFO 30796 --- [lava-daemon-pool-info-loader-2-thread-1] lavalink.server.player.AudioLoader       : Loaded playlist Search results for: ytsearch:af1
2021-01-21 21:46:47.723  INFO 30796 --- [XNIO-1 I/O-3] lavalink.server.io.SocketServer          : {"op": "play", "guildId": "790675423616696360", "track": "QAAAnwIAQDQgQ29vbCBXYXlzIEhvdyB0byBMYWNlIE5pa2UgQWlyIEZvcmNlIDEgTmlrZSBBaXIgRm9yY2UgMSBMYWNpbmcABVNBTEVYAAAAAAAOKQAAC29IM3RwYkJkR2FVAAEAK2h0dHBzOi8vd3d3LnlvdXR1YmUuY29tL3dhdGNoP3Y9b0gzdHBiQmRHYVUAB3lvdXR1YmUAAAAAAAAAAA==", "noReplace": false, "startTime": "0"}
2021-01-21 21:46:49.392  INFO 30796 --- [lava-daemon-pool-playback-1-thread-1] c.s.l.c.natives.NativeLibraryLoader      : Native library libmpg123-0: loading with filter com.sedmelluq.discord.lavaplayer.natives.ConnectorNativeLibLoader$$Lambda$563/0x0000000801242c40@12ee140e
2021-01-21 21:46:49.497  INFO 30796 --- [lava-daemon-pool-playback-1-thread-1] c.s.l.c.natives.NativeLibraryLoader      : Native library libmpg123-0: successfully loaded.
2021-01-21 21:46:49.498  INFO 30796 --- [lava-daemon-pool-playback-1-thread-1] c.s.l.c.natives.NativeLibraryLoader      : Native library connector: loading with filter null
2021-01-21 21:46:49.603  INFO 30796 --- [lava-daemon-pool-playback-1-thread-1] c.s.l.c.natives.NativeLibraryLoader      : Native library connector: successfully loaded.
2021-01-21 21:46:53.772  INFO 30796 --- [XNIO-1 task-5] l.server.player.AudioLoaderRestHandler   : Got request to load for identifier "ytsearch:ytsearch:yoppa"
2021-01-21 21:46:54.298  INFO 30796 --- [lava-daemon-pool-info-loader-2-thread-1] lavalink.server.player.AudioLoader       : No matches found
2021-01-21 21:47:15.102  INFO 30796 --- [XNIO-1 task-7] l.server.player.AudioLoaderRestHandler   : Got request to load for identifier "ytsearch:ytsearch:yoppa lil moosey"
2021-01-21 21:47:16.016  INFO 30796 --- [lava-daemon-pool-info-loader-2-thread-1] lavalink.server.player.AudioLoader       : No matches found
2021-01-21 21:47:22.591  INFO 30796 --- [XNIO-1 task-9] l.server.player.AudioLoaderRestHandler   : Got request to load for identifier "ytsearch:ytsearch:yoppa lil mosey"
2021-01-21 21:47:23.426  INFO 30796 --- [lava-daemon-pool-info-loader-2-thread-1] lavalink.server.player.AudioLoader       : Loaded playlist Search results for: ytsearch:yoppa lil mosey
2021-01-21 21:48:24.336  INFO 30796 --- [XNIO-1 I/O-3] lavalink.server.io.SocketServer          : {"op": "stop", "guildId": "790675423616696360"}
2021-01-21 21:48:33.705  INFO 30796 --- [XNIO-1 task-11] l.server.player.AudioLoaderRestHandler   : Got request to load for identifier "ytsearch:ytsearch:yoppa lil mosey"
2021-01-21 21:48:34.544  INFO 30796 --- [lava-daemon-pool-info-loader-2-thread-1] lavalink.server.player.AudioLoader       : Loaded playlist Search results for: ytsearch:yoppa lil mosey
2021-01-21 21:48:50.999  INFO 30796 --- [XNIO-1 task-13] l.server.player.AudioLoaderRestHandler   : Got request to load for identifier "ytsearch:ytsearch:yoppa lil mosey"
2021-01-21 21:48:51.160  INFO 30796 --- [XNIO-1 I/O-3] lavalink.server.io.SocketServer          : {"op": "voiceUpdate", "guildId": "790675423616696360", "sessionId": "285b86c6f78aa6977b7f30ee0c13f1c9", "event": {"token": "2a8dc5fea59ecfe0", "guild_id": "790675423616696360", "endpoint": "us-east3435.discord.media:443"}}
2021-01-21 21:48:51.916  INFO 30796 --- [lava-daemon-pool-info-loader-2-thread-1] lavalink.server.player.AudioLoader       : Loaded playlist Search results for: ytsearch:yoppa lil mosey
2021-01-21 21:49:21.424  INFO 30796 --- [XNIO-1 task-15] l.server.player.AudioLoaderRestHandler   : Got request to load for identifier "ytsearch:ytsearch:yoppa lil mosey"
2021-01-21 21:49:22.296  INFO 30796 --- [lava-daemon-pool-info-loader-2-thread-1] lavalink.server.player.AudioLoader       : Loaded playlist Search results for: ytsearch:yoppa lil mosey
2021-01-21 21:49:26.634  INFO 30796 --- [XNIO-1 I/O-3] lavalink.server.io.SocketServer          : Connection closed from /127.0.0.1:54927 -- CloseStatus[code=1006, reason=]
2021-01-21 21:49:26.635  INFO 30796 --- [XNIO-1 I/O-3] lavalink.server.io.SocketContext         : Shutting down 0 playing players.
2021-01-21 21:49:42.829  INFO 30796 --- [XNIO-1 task-17] l.server.io.HandshakeInterceptorImpl     : Incoming connection from /127.0.0.1:54977
2021-01-21 21:49:42.833  INFO 30796 --- [XNIO-1 task-17] lavalink.server.io.SocketServer          : Connection successfully established from /127.0.0.1:54977
2021-01-21 21:49:47.443  INFO 30796 --- [XNIO-1 I/O-5] lavalink.server.io.SocketServer          : {"op": "volume", "guildId": "790675423616696360", "volume": 40}
2021-01-21 21:49:47.445  INFO 30796 --- [XNIO-1 task-18] l.server.player.AudioLoaderRestHandler   : Got request to load for identifier "ytsearch:ytsearch:yoppa lil mosey"
2021-01-21 21:49:47.607  INFO 30796 --- [XNIO-1 I/O-5] lavalink.server.io.SocketServer          : {"op": "voiceUpdate", "guildId": "790675423616696360", "sessionId": "3bb5d89d3a0e32a12aea9b77767bb476", "event": {"token": "2a8dc5fea59ecfe0", "guild_id": "790675423616696360", "endpoint": "us-east3435.discord.media:443"}}
2021-01-21 21:49:48.300  INFO 30796 --- [lava-daemon-pool-info-loader-2-thread-1] lavalink.server.player.AudioLoader       : Loaded playlist Search results for: ytsearch:yoppa lil mosey
2021-01-21 21:49:48.306  INFO 30796 --- [XNIO-1 I/O-5] lavalink.server.io.SocketServer          : {"op": "play", "guildId": "790675423616696360", "track": "QAAAlwIANExpbCBNb3NleSwgQmxvY0JveSBKQiAtIFlvcHBhIChPZmZpY2lhbCBNdXNpYyBWaWRlbykACUxpbCBNb3NleQAAAAAAA70IAAtoQ0hoc1IxVDY1cwABACtodHRwczovL3d3dy55b3V0dWJlLmNvbS93YXRjaD92PWhDSGhzUjFUNjVzAAd5b3V0dWJlAAAAAAAAAAA=", "noReplace": false, "startTime": "0"}
